c:\users\fotsi\documents\uqac\elements_programmation\projet_final_github\projet_final\x64\debug\vc143.pdb
c:\users\fotsi\documents\uqac\elements_programmation\projet_final_github\projet_final\x64\debug\vc143.idb
c:\users\fotsi\documents\uqac\elements_programmation\projet_final_github\projet_final\x64\debug\variables_globales.obj
c:\users\fotsi\documents\uqac\elements_programmation\projet_final_github\projet_final\x64\debug\variables.obj
c:\users\fotsi\documents\uqac\elements_programmation\projet_final_github\projet_final\x64\debug\p_sortie.obj
c:\users\fotsi\documents\uqac\elements_programmation\projet_final_github\projet_final\x64\debug\p_resultat_test.obj
c:\users\fotsi\documents\uqac\elements_programmation\projet_final_github\projet_final\x64\debug\p_remplissage_repertoire_covid19.obj
c:\users\fotsi\documents\uqac\elements_programmation\projet_final_github\projet_final\x64\debug\p_envoie_email.obj
c:\users\fotsi\documents\uqac\elements_programmation\projet_final_github\projet_final\x64\debug\p_creation_tableau_initial_patients.obj
c:\users\fotsi\documents\uqac\elements_programmation\projet_final_github\projet_final\x64\debug\p_consultation_repertoire_patients.obj
c:\users\fotsi\documents\uqac\elements_programmation\projet_final_github\projet_final\x64\debug\p_choix_option.obj
c:\users\fotsi\documents\uqac\elements_programmation\projet_final_github\projet_final\x64\debug\p_affichage_cout_total_test.obj
c:\users\fotsi\documents\uqac\elements_programmation\projet_final_github\projet_final\x64\debug\p_affichage_repertoire_malades.obj
c:\users\fotsi\documents\uqac\elements_programmation\projet_final_github\projet_final\x64\debug\p_affichage_menu.obj
c:\users\fotsi\documents\uqac\elements_programmation\projet_final_github\projet_final\x64\debug\projet_final.obj
c:\users\fotsi\documents\uqac\elements_programmation\projet_final_github\projet_final\x64\debug\patient.obj
c:\users\fotsi\documents\uqac\elements_programmation\projet_final_github\projet_final\x64\debug\filename.obj
c:\users\fotsi\documents\uqac\elements_programmation\projet_final_github\projet_final\x64\debug\donnees_medicale.obj
c:\users\fotsi\documents\uqac\elements_programmation\projet_final_github\projet_final\x64\debug\projet_final.res
c:\users\fotsi\documents\uqac\elements_programmation\projet_final_github\x64\debug\projet_final.pdb
c:\users\fotsi\documents\uqac\elements_programmation\projet_final_github\projet_final\x64\debug\projet_final.tlog\cl.command.1.tlog
c:\users\fotsi\documents\uqac\elements_programmation\projet_final_github\projet_final\x64\debug\projet_final.tlog\cl.read.1.tlog
c:\users\fotsi\documents\uqac\elements_programmation\projet_final_github\projet_final\x64\debug\projet_final.tlog\cl.write.1.tlog
c:\users\fotsi\documents\uqac\elements_programmation\projet_final_github\projet_final\x64\debug\projet_final.tlog\link-cvtres.read.1.tlog
c:\users\fotsi\documents\uqac\elements_programmation\projet_final_github\projet_final\x64\debug\projet_final.tlog\link-cvtres.write.1.tlog
c:\users\fotsi\documents\uqac\elements_programmation\projet_final_github\projet_final\x64\debug\projet_final.tlog\link-rc.read.1.tlog
c:\users\fotsi\documents\uqac\elements_programmation\projet_final_github\projet_final\x64\debug\projet_final.tlog\link-rc.write.1.tlog
c:\users\fotsi\documents\uqac\elements_programmation\projet_final_github\projet_final\x64\debug\projet_final.tlog\link.command.1.tlog
c:\users\fotsi\documents\uqac\elements_programmation\projet_final_github\projet_final\x64\debug\projet_final.tlog\link.read.1.tlog
c:\users\fotsi\documents\uqac\elements_programmation\projet_final_github\projet_final\x64\debug\projet_final.tlog\link.read.2.tlog
c:\users\fotsi\documents\uqac\elements_programmation\projet_final_github\projet_final\x64\debug\projet_final.tlog\link.write.1.tlog
c:\users\fotsi\documents\uqac\elements_programmation\projet_final_github\projet_final\x64\debug\projet_final.tlog\rc.command.1.tlog
c:\users\fotsi\documents\uqac\elements_programmation\projet_final_github\projet_final\x64\debug\projet_final.tlog\rc.read.1.tlog
c:\users\fotsi\documents\uqac\elements_programmation\projet_final_github\projet_final\x64\debug\projet_final.tlog\rc.write.1.tlog
